{"/Users/nicolasollier/code/formation/billed-app/front/src/constants/routes.js": {"path":"/Users/nicolasollier/code/formation/billed-app/front/src/constants/routes.js","statementMap":{"0":{"start":{"line":6,"column":27},"end":{"line":11,"column":1}},"1":{"start":{"line":13,"column":22},"end":{"line":26,"column":1}},"2":{"start":{"line":14,"column":2},"end":{"line":25,"column":3}},"3":{"start":{"line":16,"column":6},"end":{"line":16,"column":46}},"4":{"start":{"line":18,"column":6},"end":{"line":18,"column":46}},"5":{"start":{"line":20,"column":6},"end":{"line":20,"column":24}},"6":{"start":{"line":22,"column":6},"end":{"line":22,"column":50}},"7":{"start":{"line":24,"column":6},"end":{"line":24,"column":46}}},"fnMap":{"0":{"name":"(anonymous_0)","decl":{"start":{"line":13,"column":22},"end":{"line":13,"column":23}},"loc":{"start":{"line":13,"column":62},"end":{"line":26,"column":1}},"line":13}},"branchMap":{"0":{"loc":{"start":{"line":14,"column":2},"end":{"line":25,"column":3}},"type":"switch","locations":[{"start":{"line":15,"column":4},"end":{"line":16,"column":46}},{"start":{"line":17,"column":4},"end":{"line":18,"column":46}},{"start":{"line":19,"column":4},"end":{"line":20,"column":24}},{"start":{"line":21,"column":4},"end":{"line":22,"column":50}},{"start":{"line":23,"column":4},"end":{"line":24,"column":46}}],"line":14}},"s":{"0":6,"1":6,"2":39,"3":13,"4":10,"5":3,"6":12,"7":1},"f":{"0":39},"b":{"0":[13,10,3,12,1]},"_coverageSchema":"1a1c01bbd47fc00a2c39e90264f33305004495a9","hash":"0d22ebbc4c9480d3a4c5f9f539cad93f2ee94139"}
,"/Users/nicolasollier/code/formation/billed-app/front/src/constants/usersTest.js": {"path":"/Users/nicolasollier/code/formation/billed-app/front/src/constants/usersTest.js","statementMap":{},"fnMap":{},"branchMap":{},"s":{},"f":{},"b":{},"_coverageSchema":"1a1c01bbd47fc00a2c39e90264f33305004495a9","hash":"d545c7f0c0004d47e88e2f8f8df82d4d2b4767c0"}
,"/Users/nicolasollier/code/formation/billed-app/front/src/containers/Bills.js": {"path":"/Users/nicolasollier/code/formation/billed-app/front/src/containers/Bills.js","statementMap":{"0":{"start":{"line":7,"column":4},"end":{"line":7,"column":29}},"1":{"start":{"line":8,"column":4},"end":{"line":8,"column":33}},"2":{"start":{"line":9,"column":4},"end":{"line":9,"column":23}},"3":{"start":{"line":10,"column":26},"end":{"line":12,"column":5}},"4":{"start":{"line":13,"column":4},"end":{"line":14,"column":71}},"5":{"start":{"line":14,"column":6},"end":{"line":14,"column":71}},"6":{"start":{"line":15,"column":20},"end":{"line":15,"column":76}},"7":{"start":{"line":16,"column":4},"end":{"line":19,"column":9}},"8":{"start":{"line":17,"column":6},"end":{"line":19,"column":9}},"9":{"start":{"line":18,"column":8},"end":{"line":18,"column":76}},"10":{"start":{"line":18,"column":45},"end":{"line":18,"column":74}},"11":{"start":{"line":20,"column":4},"end":{"line":20,"column":55}},"12":{"start":{"line":23,"column":23},"end":{"line":25,"column":3}},"13":{"start":{"line":24,"column":4},"end":{"line":24,"column":44}},"14":{"start":{"line":27,"column":23},"end":{"line":36,"column":3}},"15":{"start":{"line":28,"column":20},"end":{"line":28,"column":54}},"16":{"start":{"line":29,"column":21},"end":{"line":29,"column":63}},"17":{"start":{"line":30,"column":4},"end":{"line":34,"column":8}},"18":{"start":{"line":35,"column":4},"end":{"line":35,"column":35}},"19":{"start":{"line":38,"column":13},"end":{"line":67,"column":3}},"20":{"start":{"line":39,"column":4},"end":{"line":66,"column":5}},"21":{"start":{"line":40,"column":6},"end":{"line":65,"column":11}},"22":{"start":{"line":47,"column":10},"end":{"line":64,"column":13}},"23":{"start":{"line":48,"column":12},"end":{"line":63,"column":13}},"24":{"start":{"line":49,"column":14},"end":{"line":53,"column":16}},"25":{"start":{"line":57,"column":14},"end":{"line":57,"column":41}},"26":{"start":{"line":58,"column":14},"end":{"line":62,"column":16}}},"fnMap":{"0":{"name":"(anonymous_0)","decl":{"start":{"line":6,"column":2},"end":{"line":6,"column":3}},"loc":{"start":{"line":6,"column":61},"end":{"line":21,"column":3}},"line":6},"1":{"name":"(anonymous_1)","decl":{"start":{"line":17,"column":22},"end":{"line":17,"column":23}},"loc":{"start":{"line":17,"column":32},"end":{"line":19,"column":7}},"line":17},"2":{"name":"(anonymous_2)","decl":{"start":{"line":18,"column":39},"end":{"line":18,"column":40}},"loc":{"start":{"line":18,"column":45},"end":{"line":18,"column":74}},"line":18},"3":{"name":"(anonymous_3)","decl":{"start":{"line":23,"column":23},"end":{"line":23,"column":24}},"loc":{"start":{"line":23,"column":29},"end":{"line":25,"column":3}},"line":23},"4":{"name":"(anonymous_4)","decl":{"start":{"line":27,"column":23},"end":{"line":27,"column":24}},"loc":{"start":{"line":27,"column":33},"end":{"line":36,"column":3}},"line":27},"5":{"name":"(anonymous_5)","decl":{"start":{"line":38,"column":13},"end":{"line":38,"column":14}},"loc":{"start":{"line":38,"column":19},"end":{"line":67,"column":3}},"line":38},"6":{"name":"(anonymous_6)","decl":{"start":{"line":43,"column":14},"end":{"line":43,"column":15}},"loc":{"start":{"line":43,"column":28},"end":{"line":65,"column":9}},"line":43},"7":{"name":"(anonymous_7)","decl":{"start":{"line":47,"column":30},"end":{"line":47,"column":31}},"loc":{"start":{"line":47,"column":39},"end":{"line":64,"column":11}},"line":47}},"branchMap":{"0":{"loc":{"start":{"line":13,"column":4},"end":{"line":14,"column":71}},"type":"if","locations":[{"start":{"line":13,"column":4},"end":{"line":14,"column":71}},{"start":{"line":13,"column":4},"end":{"line":14,"column":71}}],"line":13},"1":{"loc":{"start":{"line":16,"column":4},"end":{"line":19,"column":9}},"type":"if","locations":[{"start":{"line":16,"column":4},"end":{"line":19,"column":9}},{"start":{"line":16,"column":4},"end":{"line":19,"column":9}}],"line":16},"2":{"loc":{"start":{"line":39,"column":4},"end":{"line":66,"column":5}},"type":"if","locations":[{"start":{"line":39,"column":4},"end":{"line":66,"column":5}},{"start":{"line":39,"column":4},"end":{"line":66,"column":5}}],"line":39}},"s":{"0":8,"1":8,"2":8,"3":8,"4":8,"5":5,"6":8,"7":8,"8":8,"9":20,"10":1,"11":8,"12":8,"13":2,"14":8,"15":2,"16":2,"17":2,"18":2,"19":8,"20":3,"21":3,"22":3,"23":12,"24":12,"25":0,"26":0},"f":{"0":8,"1":20,"2":1,"3":2,"4":2,"5":3,"6":3,"7":12},"b":{"0":[5,3],"1":[8,0],"2":[3,0]},"_coverageSchema":"1a1c01bbd47fc00a2c39e90264f33305004495a9","hash":"208b4673e1fe3a0aa068e62bec2d605e8f8029d1"}
,"/Users/nicolasollier/code/formation/billed-app/front/src/containers/Dashboard.js": {"path":"/Users/nicolasollier/code/formation/billed-app/front/src/containers/Dashboard.js","statementMap":{"0":{"start":{"line":8,"column":29},"end":{"line":28,"column":1}},"1":{"start":{"line":9,"column":2},"end":{"line":27,"column":11}},"2":{"start":{"line":14,"column":6},"end":{"line":24,"column":7}},"3":{"start":{"line":15,"column":8},"end":{"line":15,"column":50}},"4":{"start":{"line":26,"column":6},"end":{"line":26,"column":28}},"5":{"start":{"line":30,"column":20},"end":{"line":53,"column":1}},"6":{"start":{"line":31,"column":28},"end":{"line":31,"column":52}},"7":{"start":{"line":32,"column":20},"end":{"line":33,"column":40}},"8":{"start":{"line":34,"column":19},"end":{"line":35,"column":53}},"9":{"start":{"line":37,"column":2},"end":{"line":52,"column":4}},"10":{"start":{"line":55,"column":21},"end":{"line":57,"column":1}},"11":{"start":{"line":56,"column":2},"end":{"line":56,"column":76}},"12":{"start":{"line":56,"column":51},"end":{"line":56,"column":61}},"13":{"start":{"line":59,"column":25},"end":{"line":68,"column":1}},"14":{"start":{"line":60,"column":2},"end":{"line":67,"column":3}},"15":{"start":{"line":62,"column":6},"end":{"line":62,"column":22}},"16":{"start":{"line":64,"column":6},"end":{"line":64,"column":23}},"17":{"start":{"line":66,"column":6},"end":{"line":66,"column":22}},"18":{"start":{"line":72,"column":4},"end":{"line":72,"column":28}},"19":{"start":{"line":73,"column":4},"end":{"line":73,"column":32}},"20":{"start":{"line":74,"column":4},"end":{"line":74,"column":22}},"21":{"start":{"line":75,"column":4},"end":{"line":75,"column":71}},"22":{"start":{"line":75,"column":35},"end":{"line":75,"column":70}},"23":{"start":{"line":76,"column":4},"end":{"line":76,"column":71}},"24":{"start":{"line":76,"column":35},"end":{"line":76,"column":70}},"25":{"start":{"line":77,"column":4},"end":{"line":77,"column":71}},"26":{"start":{"line":77,"column":35},"end":{"line":77,"column":70}},"27":{"start":{"line":78,"column":4},"end":{"line":78,"column":44}},"28":{"start":{"line":81,"column":23},"end":{"line":86,"column":3}},"29":{"start":{"line":82,"column":20},"end":{"line":82,"column":58}},"30":{"start":{"line":83,"column":21},"end":{"line":83,"column":69}},"31":{"start":{"line":84,"column":4},"end":{"line":84,"column":144}},"32":{"start":{"line":85,"column":4},"end":{"line":85,"column":96}},"33":{"start":{"line":85,"column":60},"end":{"line":85,"column":96}},"34":{"start":{"line":89,"column":4},"end":{"line":89,"column":32}},"35":{"start":{"line":91,"column":4},"end":{"line":91,"column":75}},"36":{"start":{"line":91,"column":59},"end":{"line":91,"column":75}},"37":{"start":{"line":92,"column":4},"end":{"line":92,"column":71}},"38":{"start":{"line":92,"column":54},"end":{"line":92,"column":71}},"39":{"start":{"line":93,"column":4},"end":{"line":109,"column":5}},"40":{"start":{"line":94,"column":6},"end":{"line":96,"column":8}},"41":{"start":{"line":95,"column":8},"end":{"line":95,"column":61}},"42":{"start":{"line":97,"column":6},"end":{"line":97,"column":62}},"43":{"start":{"line":98,"column":6},"end":{"line":98,"column":69}},"44":{"start":{"line":99,"column":6},"end":{"line":99,"column":52}},"45":{"start":{"line":100,"column":6},"end":{"line":100,"column":21}},"46":{"start":{"line":102,"column":6},"end":{"line":102,"column":62}},"47":{"start":{"line":104,"column":6},"end":{"line":106,"column":8}},"48":{"start":{"line":107,"column":6},"end":{"line":107,"column":52}},"49":{"start":{"line":108,"column":6},"end":{"line":108,"column":21}},"50":{"start":{"line":110,"column":4},"end":{"line":110,"column":51}},"51":{"start":{"line":111,"column":4},"end":{"line":111,"column":72}},"52":{"start":{"line":111,"column":39},"end":{"line":111,"column":71}},"53":{"start":{"line":112,"column":4},"end":{"line":112,"column":72}},"54":{"start":{"line":112,"column":39},"end":{"line":112,"column":71}},"55":{"start":{"line":115,"column":23},"end":{"line":123,"column":3}},"56":{"start":{"line":116,"column":20},"end":{"line":120,"column":5}},"57":{"start":{"line":121,"column":4},"end":{"line":121,"column":28}},"58":{"start":{"line":122,"column":4},"end":{"line":122,"column":45}},"59":{"start":{"line":125,"column":23},"end":{"line":133,"column":3}},"60":{"start":{"line":126,"column":20},"end":{"line":130,"column":5}},"61":{"start":{"line":131,"column":4},"end":{"line":131,"column":28}},"62":{"start":{"line":132,"column":4},"end":{"line":132,"column":45}},"63":{"start":{"line":136,"column":4},"end":{"line":136,"column":76}},"64":{"start":{"line":136,"column":60},"end":{"line":136,"column":76}},"65":{"start":{"line":137,"column":4},"end":{"line":137,"column":76}},"66":{"start":{"line":137,"column":58},"end":{"line":137,"column":76}},"67":{"start":{"line":138,"column":4},"end":{"line":148,"column":5}},"68":{"start":{"line":139,"column":6},"end":{"line":139,"column":69}},"69":{"start":{"line":140,"column":6},"end":{"line":141,"column":65}},"70":{"start":{"line":142,"column":6},"end":{"line":142,"column":21}},"71":{"start":{"line":144,"column":6},"end":{"line":144,"column":70}},"72":{"start":{"line":145,"column":6},"end":{"line":146,"column":17}},"73":{"start":{"line":147,"column":6},"end":{"line":147,"column":21}},"74":{"start":{"line":150,"column":4},"end":{"line":152,"column":6}},"75":{"start":{"line":151,"column":6},"end":{"line":151,"column":83}},"76":{"start":{"line":151,"column":45},"end":{"line":151,"column":82}},"77":{"start":{"line":154,"column":4},"end":{"line":154,"column":16}},"78":{"start":{"line":158,"column":21},"end":{"line":177,"column":3}},"79":{"start":{"line":159,"column":4},"end":{"line":176,"column":5}},"80":{"start":{"line":160,"column":6},"end":{"line":175,"column":8}},"81":{"start":{"line":164,"column":22},"end":{"line":170,"column":11}},"82":{"start":{"line":165,"column":21},"end":{"line":170,"column":9}},"83":{"start":{"line":171,"column":8},"end":{"line":171,"column":20}},"84":{"start":{"line":174,"column":8},"end":{"line":174,"column":20}}},"fnMap":{"0":{"name":"(anonymous_0)","decl":{"start":{"line":8,"column":29},"end":{"line":8,"column":30}},"loc":{"start":{"line":8,"column":47},"end":{"line":28,"column":1}},"line":8},"1":{"name":"(anonymous_1)","decl":{"start":{"line":10,"column":16},"end":{"line":10,"column":17}},"loc":{"start":{"line":10,"column":24},"end":{"line":27,"column":5}},"line":10},"2":{"name":"(anonymous_2)","decl":{"start":{"line":30,"column":20},"end":{"line":30,"column":21}},"loc":{"start":{"line":30,"column":30},"end":{"line":53,"column":1}},"line":30},"3":{"name":"(anonymous_3)","decl":{"start":{"line":55,"column":21},"end":{"line":55,"column":22}},"loc":{"start":{"line":55,"column":32},"end":{"line":57,"column":1}},"line":55},"4":{"name":"(anonymous_4)","decl":{"start":{"line":56,"column":43},"end":{"line":56,"column":44}},"loc":{"start":{"line":56,"column":51},"end":{"line":56,"column":61}},"line":56},"5":{"name":"(anonymous_5)","decl":{"start":{"line":59,"column":25},"end":{"line":59,"column":26}},"loc":{"start":{"line":59,"column":36},"end":{"line":68,"column":1}},"line":59},"6":{"name":"(anonymous_6)","decl":{"start":{"line":71,"column":2},"end":{"line":71,"column":3}},"loc":{"start":{"line":71,"column":68},"end":{"line":79,"column":3}},"line":71},"7":{"name":"(anonymous_7)","decl":{"start":{"line":75,"column":28},"end":{"line":75,"column":29}},"loc":{"start":{"line":75,"column":35},"end":{"line":75,"column":70}},"line":75},"8":{"name":"(anonymous_8)","decl":{"start":{"line":76,"column":28},"end":{"line":76,"column":29}},"loc":{"start":{"line":76,"column":35},"end":{"line":76,"column":70}},"line":76},"9":{"name":"(anonymous_9)","decl":{"start":{"line":77,"column":28},"end":{"line":77,"column":29}},"loc":{"start":{"line":77,"column":35},"end":{"line":77,"column":70}},"line":77},"10":{"name":"(anonymous_10)","decl":{"start":{"line":81,"column":23},"end":{"line":81,"column":24}},"loc":{"start":{"line":81,"column":29},"end":{"line":86,"column":3}},"line":81},"11":{"name":"(anonymous_11)","decl":{"start":{"line":88,"column":2},"end":{"line":88,"column":3}},"loc":{"start":{"line":88,"column":35},"end":{"line":113,"column":3}},"line":88},"12":{"name":"(anonymous_12)","decl":{"start":{"line":94,"column":20},"end":{"line":94,"column":21}},"loc":{"start":{"line":94,"column":25},"end":{"line":96,"column":7}},"line":94},"13":{"name":"(anonymous_13)","decl":{"start":{"line":111,"column":32},"end":{"line":111,"column":33}},"loc":{"start":{"line":111,"column":39},"end":{"line":111,"column":71}},"line":111},"14":{"name":"(anonymous_14)","decl":{"start":{"line":112,"column":32},"end":{"line":112,"column":33}},"loc":{"start":{"line":112,"column":39},"end":{"line":112,"column":71}},"line":112},"15":{"name":"(anonymous_15)","decl":{"start":{"line":115,"column":23},"end":{"line":115,"column":24}},"loc":{"start":{"line":115,"column":36},"end":{"line":123,"column":3}},"line":115},"16":{"name":"(anonymous_16)","decl":{"start":{"line":125,"column":23},"end":{"line":125,"column":24}},"loc":{"start":{"line":125,"column":36},"end":{"line":133,"column":3}},"line":125},"17":{"name":"(anonymous_17)","decl":{"start":{"line":135,"column":2},"end":{"line":135,"column":3}},"loc":{"start":{"line":135,"column":37},"end":{"line":156,"column":3}},"line":135},"18":{"name":"(anonymous_18)","decl":{"start":{"line":150,"column":18},"end":{"line":150,"column":19}},"loc":{"start":{"line":150,"column":26},"end":{"line":152,"column":5}},"line":150},"19":{"name":"(anonymous_19)","decl":{"start":{"line":151,"column":38},"end":{"line":151,"column":39}},"loc":{"start":{"line":151,"column":45},"end":{"line":151,"column":82}},"line":151},"20":{"name":"(anonymous_20)","decl":{"start":{"line":158,"column":21},"end":{"line":158,"column":22}},"loc":{"start":{"line":158,"column":27},"end":{"line":177,"column":3}},"line":158},"21":{"name":"(anonymous_21)","decl":{"start":{"line":163,"column":12},"end":{"line":163,"column":13}},"loc":{"start":{"line":163,"column":24},"end":{"line":172,"column":7}},"line":163},"22":{"name":"(anonymous_22)","decl":{"start":{"line":165,"column":13},"end":{"line":165,"column":14}},"loc":{"start":{"line":165,"column":21},"end":{"line":170,"column":9}},"line":165},"23":{"name":"(anonymous_23)","decl":{"start":{"line":173,"column":13},"end":{"line":173,"column":14}},"loc":{"start":{"line":173,"column":22},"end":{"line":175,"column":7}},"line":173}},"branchMap":{"0":{"loc":{"start":{"line":9,"column":9},"end":{"line":27,"column":11}},"type":"cond-expr","locations":[{"start":{"line":10,"column":4},"end":{"line":27,"column":6}},{"start":{"line":27,"column":9},"end":{"line":27,"column":11}}],"line":9},"1":{"loc":{"start":{"line":9,"column":10},"end":{"line":9,"column":29}},"type":"binary-expr","locations":[{"start":{"line":9,"column":10},"end":{"line":9,"column":14}},{"start":{"line":9,"column":18},"end":{"line":9,"column":29}}],"line":9},"2":{"loc":{"start":{"line":14,"column":6},"end":{"line":24,"column":7}},"type":"if","locations":[{"start":{"line":14,"column":6},"end":{"line":24,"column":7}},{"start":{"line":14,"column":6},"end":{"line":24,"column":7}}],"line":14},"3":{"loc":{"start":{"line":32,"column":20},"end":{"line":33,"column":40}},"type":"cond-expr","locations":[{"start":{"line":33,"column":4},"end":{"line":33,"column":35}},{"start":{"line":33,"column":38},"end":{"line":33,"column":40}}],"line":32},"4":{"loc":{"start":{"line":34,"column":19},"end":{"line":35,"column":53}},"type":"cond-expr","locations":[{"start":{"line":35,"column":2},"end":{"line":35,"column":33}},{"start":{"line":35,"column":36},"end":{"line":35,"column":53}}],"line":34},"5":{"loc":{"start":{"line":56,"column":9},"end":{"line":56,"column":76}},"type":"cond-expr","locations":[{"start":{"line":56,"column":33},"end":{"line":56,"column":71}},{"start":{"line":56,"column":74},"end":{"line":56,"column":76}}],"line":56},"6":{"loc":{"start":{"line":56,"column":9},"end":{"line":56,"column":30}},"type":"binary-expr","locations":[{"start":{"line":56,"column":9},"end":{"line":56,"column":14}},{"start":{"line":56,"column":18},"end":{"line":56,"column":30}}],"line":56},"7":{"loc":{"start":{"line":60,"column":2},"end":{"line":67,"column":3}},"type":"switch","locations":[{"start":{"line":61,"column":4},"end":{"line":62,"column":22}},{"start":{"line":63,"column":4},"end":{"line":64,"column":23}},{"start":{"line":65,"column":4},"end":{"line":66,"column":22}}],"line":60},"8":{"loc":{"start":{"line":85,"column":4},"end":{"line":85,"column":96}},"type":"if","locations":[{"start":{"line":85,"column":4},"end":{"line":85,"column":96}},{"start":{"line":85,"column":4},"end":{"line":85,"column":96}}],"line":85},"9":{"loc":{"start":{"line":91,"column":4},"end":{"line":91,"column":75}},"type":"if","locations":[{"start":{"line":91,"column":4},"end":{"line":91,"column":75}},{"start":{"line":91,"column":4},"end":{"line":91,"column":75}}],"line":91},"10":{"loc":{"start":{"line":91,"column":8},"end":{"line":91,"column":57}},"type":"binary-expr","locations":[{"start":{"line":91,"column":8},"end":{"line":91,"column":34}},{"start":{"line":91,"column":38},"end":{"line":91,"column":57}}],"line":91},"11":{"loc":{"start":{"line":92,"column":4},"end":{"line":92,"column":71}},"type":"if","locations":[{"start":{"line":92,"column":4},"end":{"line":92,"column":71}},{"start":{"line":92,"column":4},"end":{"line":92,"column":71}}],"line":92},"12":{"loc":{"start":{"line":92,"column":8},"end":{"line":92,"column":52}},"type":"binary-expr","locations":[{"start":{"line":92,"column":8},"end":{"line":92,"column":29}},{"start":{"line":92,"column":33},"end":{"line":92,"column":52}}],"line":92},"13":{"loc":{"start":{"line":93,"column":4},"end":{"line":109,"column":5}},"type":"if","locations":[{"start":{"line":93,"column":4},"end":{"line":109,"column":5}},{"start":{"line":93,"column":4},"end":{"line":109,"column":5}}],"line":93},"14":{"loc":{"start":{"line":136,"column":4},"end":{"line":136,"column":76}},"type":"if","locations":[{"start":{"line":136,"column":4},"end":{"line":136,"column":76}},{"start":{"line":136,"column":4},"end":{"line":136,"column":76}}],"line":136},"15":{"loc":{"start":{"line":136,"column":8},"end":{"line":136,"column":58}},"type":"binary-expr","locations":[{"start":{"line":136,"column":8},"end":{"line":136,"column":34}},{"start":{"line":136,"column":38},"end":{"line":136,"column":58}}],"line":136},"16":{"loc":{"start":{"line":137,"column":4},"end":{"line":137,"column":76}},"type":"if","locations":[{"start":{"line":137,"column":4},"end":{"line":137,"column":76}},{"start":{"line":137,"column":4},"end":{"line":137,"column":76}}],"line":137},"17":{"loc":{"start":{"line":137,"column":8},"end":{"line":137,"column":56}},"type":"binary-expr","locations":[{"start":{"line":137,"column":8},"end":{"line":137,"column":32}},{"start":{"line":137,"column":36},"end":{"line":137,"column":56}}],"line":137},"18":{"loc":{"start":{"line":138,"column":4},"end":{"line":148,"column":5}},"type":"if","locations":[{"start":{"line":138,"column":4},"end":{"line":148,"column":5}},{"start":{"line":138,"column":4},"end":{"line":148,"column":5}}],"line":138},"19":{"loc":{"start":{"line":159,"column":4},"end":{"line":176,"column":5}},"type":"if","locations":[{"start":{"line":159,"column":4},"end":{"line":176,"column":5}},{"start":{"line":159,"column":4},"end":{"line":176,"column":5}}],"line":159}},"s":{"0":6,"1":44,"2":104,"3":104,"4":104,"5":6,"6":6,"7":6,"8":6,"9":6,"10":6,"11":6,"12":6,"13":6,"14":5,"15":3,"16":1,"17":1,"18":14,"19":14,"20":14,"21":14,"22":0,"23":14,"24":0,"25":14,"26":0,"27":14,"28":14,"29":1,"30":1,"31":1,"32":1,"33":0,"34":3,"35":3,"36":2,"37":3,"38":2,"39":3,"40":2,"41":8,"42":2,"43":2,"44":2,"45":2,"46":1,"47":1,"48":1,"49":1,"50":3,"51":3,"52":0,"53":3,"54":0,"55":14,"56":1,"57":1,"58":1,"59":14,"60":1,"61":1,"62":1,"63":5,"64":5,"65":5,"66":5,"67":5,"68":5,"69":5,"70":5,"71":0,"72":0,"73":0,"74":5,"75":20,"76":3,"77":5,"78":14,"79":5,"80":5,"81":3,"82":12,"83":3,"84":2},"f":{"0":44,"1":104,"2":6,"3":6,"4":6,"5":5,"6":14,"7":0,"8":0,"9":0,"10":1,"11":3,"12":8,"13":0,"14":0,"15":1,"16":1,"17":5,"18":20,"19":3,"20":5,"21":3,"22":12,"23":2},"b":{"0":[26,18],"1":[44,26],"2":[104,0],"3":[0,6],"4":[0,6],"5":[5,1],"6":[6,6],"7":[3,1,1],"8":[0,1],"9":[2,1],"10":[3,3],"11":[2,1],"12":[3,1],"13":[2,1],"14":[5,0],"15":[5,2],"16":[5,0],"17":[5,2],"18":[5,0],"19":[5,0]},"_coverageSchema":"1a1c01bbd47fc00a2c39e90264f33305004495a9","hash":"58232bae7a6da30a80971430105123985399b33d"}
,"/Users/nicolasollier/code/formation/billed-app/front/src/containers/Login.js": {"path":"/Users/nicolasollier/code/formation/billed-app/front/src/containers/Login.js","statementMap":{"0":{"start":{"line":3,"column":31},"end":{"line":3,"column":33}},"1":{"start":{"line":8,"column":4},"end":{"line":8,"column":28}},"2":{"start":{"line":9,"column":4},"end":{"line":9,"column":36}},"3":{"start":{"line":10,"column":4},"end":{"line":10,"column":32}},"4":{"start":{"line":11,"column":4},"end":{"line":11,"column":46}},"5":{"start":{"line":12,"column":4},"end":{"line":12,"column":22}},"6":{"start":{"line":13,"column":25},"end":{"line":13,"column":89}},"7":{"start":{"line":14,"column":4},"end":{"line":14,"column":70}},"8":{"start":{"line":15,"column":22},"end":{"line":15,"column":83}},"9":{"start":{"line":16,"column":4},"end":{"line":16,"column":64}},"10":{"start":{"line":18,"column":25},"end":{"line":38,"column":3}},"11":{"start":{"line":19,"column":4},"end":{"line":19,"column":22}},"12":{"start":{"line":20,"column":17},"end":{"line":25,"column":5}},"13":{"start":{"line":26,"column":4},"end":{"line":26,"column":59}},"14":{"start":{"line":27,"column":4},"end":{"line":36,"column":8}},"15":{"start":{"line":29,"column":17},"end":{"line":29,"column":38}},"16":{"start":{"line":32,"column":8},"end":{"line":32,"column":45}},"17":{"start":{"line":33,"column":8},"end":{"line":33,"column":53}},"18":{"start":{"line":34,"column":8},"end":{"line":34,"column":50}},"19":{"start":{"line":35,"column":8},"end":{"line":35,"column":55}},"20":{"start":{"line":40,"column":22},"end":{"line":59,"column":3}},"21":{"start":{"line":41,"column":4},"end":{"line":41,"column":22}},"22":{"start":{"line":42,"column":17},"end":{"line":47,"column":5}},"23":{"start":{"line":48,"column":4},"end":{"line":48,"column":59}},"24":{"start":{"line":49,"column":4},"end":{"line":58,"column":8}},"25":{"start":{"line":51,"column":17},"end":{"line":51,"column":38}},"26":{"start":{"line":54,"column":8},"end":{"line":54,"column":49}},"27":{"start":{"line":55,"column":8},"end":{"line":55,"column":57}},"28":{"start":{"line":56,"column":8},"end":{"line":56,"column":50}},"29":{"start":{"line":57,"column":8},"end":{"line":57,"column":50}},"30":{"start":{"line":62,"column":10},"end":{"line":74,"column":3}},"31":{"start":{"line":63,"column":4},"end":{"line":73,"column":5}},"32":{"start":{"line":64,"column":6},"end":{"line":70,"column":8}},"33":{"start":{"line":69,"column":8},"end":{"line":69,"column":40}},"34":{"start":{"line":72,"column":6},"end":{"line":72,"column":17}},"35":{"start":{"line":77,"column":15},"end":{"line":94,"column":3}},"36":{"start":{"line":78,"column":4},"end":{"line":93,"column":5}},"37":{"start":{"line":79,"column":6},"end":{"line":90,"column":8}},"38":{"start":{"line":88,"column":8},"end":{"line":88,"column":57}},"39":{"start":{"line":89,"column":8},"end":{"line":89,"column":31}},"40":{"start":{"line":92,"column":6},"end":{"line":92,"column":17}}},"fnMap":{"0":{"name":"(anonymous_0)","decl":{"start":{"line":7,"column":2},"end":{"line":7,"column":3}},"loc":{"start":{"line":7,"column":80},"end":{"line":17,"column":3}},"line":7},"1":{"name":"(anonymous_1)","decl":{"start":{"line":18,"column":25},"end":{"line":18,"column":26}},"loc":{"start":{"line":18,"column":30},"end":{"line":38,"column":3}},"line":18},"2":{"name":"(anonymous_2)","decl":{"start":{"line":29,"column":8},"end":{"line":29,"column":9}},"loc":{"start":{"line":29,"column":17},"end":{"line":29,"column":38}},"line":29},"3":{"name":"(anonymous_3)","decl":{"start":{"line":31,"column":12},"end":{"line":31,"column":13}},"loc":{"start":{"line":31,"column":18},"end":{"line":36,"column":7}},"line":31},"4":{"name":"(anonymous_4)","decl":{"start":{"line":40,"column":22},"end":{"line":40,"column":23}},"loc":{"start":{"line":40,"column":27},"end":{"line":59,"column":3}},"line":40},"5":{"name":"(anonymous_5)","decl":{"start":{"line":51,"column":8},"end":{"line":51,"column":9}},"loc":{"start":{"line":51,"column":17},"end":{"line":51,"column":38}},"line":51},"6":{"name":"(anonymous_6)","decl":{"start":{"line":53,"column":12},"end":{"line":53,"column":13}},"loc":{"start":{"line":53,"column":18},"end":{"line":58,"column":7}},"line":53},"7":{"name":"(anonymous_7)","decl":{"start":{"line":62,"column":10},"end":{"line":62,"column":11}},"loc":{"start":{"line":62,"column":20},"end":{"line":74,"column":3}},"line":62},"8":{"name":"(anonymous_8)","decl":{"start":{"line":68,"column":15},"end":{"line":68,"column":16}},"loc":{"start":{"line":68,"column":26},"end":{"line":70,"column":7}},"line":68},"9":{"name":"(anonymous_9)","decl":{"start":{"line":77,"column":15},"end":{"line":77,"column":16}},"loc":{"start":{"line":77,"column":25},"end":{"line":94,"column":3}},"line":77},"10":{"name":"(anonymous_10)","decl":{"start":{"line":87,"column":12},"end":{"line":87,"column":13}},"loc":{"start":{"line":87,"column":18},"end":{"line":90,"column":7}},"line":87}},"branchMap":{"0":{"loc":{"start":{"line":63,"column":4},"end":{"line":73,"column":5}},"type":"if","locations":[{"start":{"line":63,"column":4},"end":{"line":73,"column":5}},{"start":{"line":63,"column":4},"end":{"line":73,"column":5}}],"line":63},"1":{"loc":{"start":{"line":78,"column":4},"end":{"line":93,"column":5}},"type":"if","locations":[{"start":{"line":78,"column":4},"end":{"line":93,"column":5}},{"start":{"line":78,"column":4},"end":{"line":93,"column":5}}],"line":78}},"s":{"0":4,"1":9,"2":9,"3":9,"4":9,"5":9,"6":9,"7":9,"8":9,"9":9,"10":9,"11":2,"12":2,"13":2,"14":2,"15":0,"16":2,"17":2,"18":2,"19":2,"20":9,"21":2,"22":2,"23":2,"24":2,"25":0,"26":2,"27":2,"28":2,"29":2,"30":9,"31":0,"32":0,"33":0,"34":0,"35":9,"36":0,"37":0,"38":0,"39":0,"40":0},"f":{"0":9,"1":2,"2":0,"3":2,"4":2,"5":0,"6":2,"7":0,"8":0,"9":0,"10":0},"b":{"0":[0,0],"1":[0,0]},"_coverageSchema":"1a1c01bbd47fc00a2c39e90264f33305004495a9","hash":"6b0c9cc02e4fe0397a9ee0d06ff782dbdaf83ad6"}
,"/Users/nicolasollier/code/formation/billed-app/front/src/containers/Logout.js": {"path":"/Users/nicolasollier/code/formation/billed-app/front/src/containers/Logout.js","statementMap":{"0":{"start":{"line":5,"column":4},"end":{"line":5,"column":28}},"1":{"start":{"line":6,"column":4},"end":{"line":6,"column":32}},"2":{"start":{"line":7,"column":4},"end":{"line":7,"column":36}},"3":{"start":{"line":8,"column":4},"end":{"line":8,"column":51}},"4":{"start":{"line":11,"column":16},"end":{"line":14,"column":3}},"5":{"start":{"line":12,"column":4},"end":{"line":12,"column":29}},"6":{"start":{"line":13,"column":4},"end":{"line":13,"column":41}}},"fnMap":{"0":{"name":"(anonymous_0)","decl":{"start":{"line":4,"column":2},"end":{"line":4,"column":3}},"loc":{"start":{"line":4,"column":54},"end":{"line":9,"column":3}},"line":4},"1":{"name":"(anonymous_1)","decl":{"start":{"line":11,"column":16},"end":{"line":11,"column":17}},"loc":{"start":{"line":11,"column":23},"end":{"line":14,"column":3}},"line":11}},"branchMap":{},"s":{"0":26,"1":26,"2":26,"3":26,"4":26,"5":2,"6":2},"f":{"0":26,"1":2},"b":{},"_coverageSchema":"1a1c01bbd47fc00a2c39e90264f33305004495a9","hash":"e3c7fccd496ef462370751b78fb8ba48db23ef38"}
,"/Users/nicolasollier/code/formation/billed-app/front/src/containers/NewBill.js": {"path":"/Users/nicolasollier/code/formation/billed-app/front/src/containers/NewBill.js","statementMap":{"0":{"start":{"line":6,"column":4},"end":{"line":6,"column":28}},"1":{"start":{"line":7,"column":4},"end":{"line":7,"column":32}},"2":{"start":{"line":8,"column":4},"end":{"line":8,"column":22}},"3":{"start":{"line":9,"column":24},"end":{"line":9,"column":88}},"4":{"start":{"line":10,"column":4},"end":{"line":10,"column":61}},"5":{"start":{"line":11,"column":17},"end":{"line":11,"column":73}},"6":{"start":{"line":12,"column":4},"end":{"line":12,"column":58}},"7":{"start":{"line":13,"column":4},"end":{"line":13,"column":23}},"8":{"start":{"line":14,"column":4},"end":{"line":14,"column":24}},"9":{"start":{"line":15,"column":4},"end":{"line":15,"column":22}},"10":{"start":{"line":16,"column":4},"end":{"line":16,"column":54}},"11":{"start":{"line":18,"column":21},"end":{"line":50,"column":3}},"12":{"start":{"line":19,"column":4},"end":{"line":19,"column":22}},"13":{"start":{"line":20,"column":17},"end":{"line":20,"column":82}},"14":{"start":{"line":22,"column":4},"end":{"line":27,"column":5}},"15":{"start":{"line":23,"column":6},"end":{"line":23,"column":52}},"16":{"start":{"line":24,"column":6},"end":{"line":24,"column":76}},"17":{"start":{"line":26,"column":6},"end":{"line":26,"column":12}},"18":{"start":{"line":29,"column":21},"end":{"line":29,"column":48}},"19":{"start":{"line":30,"column":21},"end":{"line":30,"column":48}},"20":{"start":{"line":31,"column":21},"end":{"line":31,"column":35}},"21":{"start":{"line":32,"column":18},"end":{"line":32,"column":64}},"22":{"start":{"line":33,"column":4},"end":{"line":33,"column":33}},"23":{"start":{"line":34,"column":4},"end":{"line":34,"column":35}},"24":{"start":{"line":36,"column":4},"end":{"line":49,"column":45}},"25":{"start":{"line":45,"column":8},"end":{"line":45,"column":28}},"26":{"start":{"line":46,"column":8},"end":{"line":46,"column":25}},"27":{"start":{"line":47,"column":8},"end":{"line":47,"column":30}},"28":{"start":{"line":48,"column":8},"end":{"line":48,"column":32}},"29":{"start":{"line":49,"column":24},"end":{"line":49,"column":44}},"30":{"start":{"line":51,"column":17},"end":{"line":70,"column":3}},"31":{"start":{"line":52,"column":4},"end":{"line":52,"column":22}},"32":{"start":{"line":53,"column":4},"end":{"line":53,"column":147}},"33":{"start":{"line":54,"column":18},"end":{"line":54,"column":64}},"34":{"start":{"line":55,"column":17},"end":{"line":67,"column":5}},"35":{"start":{"line":68,"column":4},"end":{"line":68,"column":25}},"36":{"start":{"line":69,"column":4},"end":{"line":69,"column":41}},"37":{"start":{"line":73,"column":15},"end":{"line":83,"column":3}},"38":{"start":{"line":74,"column":4},"end":{"line":82,"column":5}},"39":{"start":{"line":75,"column":6},"end":{"line":81,"column":43}},"40":{"start":{"line":79,"column":8},"end":{"line":79,"column":45}},"41":{"start":{"line":81,"column":22},"end":{"line":81,"column":42}}},"fnMap":{"0":{"name":"(anonymous_0)","decl":{"start":{"line":5,"column":2},"end":{"line":5,"column":3}},"loc":{"start":{"line":5,"column":61},"end":{"line":17,"column":3}},"line":5},"1":{"name":"(anonymous_1)","decl":{"start":{"line":18,"column":21},"end":{"line":18,"column":22}},"loc":{"start":{"line":18,"column":26},"end":{"line":50,"column":3}},"line":18},"2":{"name":"(anonymous_2)","decl":{"start":{"line":44,"column":12},"end":{"line":44,"column":13}},"loc":{"start":{"line":44,"column":32},"end":{"line":49,"column":7}},"line":44},"3":{"name":"(anonymous_3)","decl":{"start":{"line":49,"column":15},"end":{"line":49,"column":16}},"loc":{"start":{"line":49,"column":24},"end":{"line":49,"column":44}},"line":49},"4":{"name":"(anonymous_4)","decl":{"start":{"line":51,"column":17},"end":{"line":51,"column":18}},"loc":{"start":{"line":51,"column":22},"end":{"line":70,"column":3}},"line":51},"5":{"name":"(anonymous_5)","decl":{"start":{"line":73,"column":15},"end":{"line":73,"column":16}},"loc":{"start":{"line":73,"column":25},"end":{"line":83,"column":3}},"line":73},"6":{"name":"(anonymous_6)","decl":{"start":{"line":78,"column":12},"end":{"line":78,"column":13}},"loc":{"start":{"line":78,"column":18},"end":{"line":80,"column":7}},"line":78},"7":{"name":"(anonymous_7)","decl":{"start":{"line":81,"column":13},"end":{"line":81,"column":14}},"loc":{"start":{"line":81,"column":22},"end":{"line":81,"column":42}},"line":81}},"branchMap":{"0":{"loc":{"start":{"line":22,"column":4},"end":{"line":27,"column":5}},"type":"if","locations":[{"start":{"line":22,"column":4},"end":{"line":27,"column":5}},{"start":{"line":22,"column":4},"end":{"line":27,"column":5}}],"line":22},"1":{"loc":{"start":{"line":22,"column":8},"end":{"line":22,"column":63}},"type":"binary-expr","locations":[{"start":{"line":22,"column":8},"end":{"line":22,"column":34}},{"start":{"line":22,"column":38},"end":{"line":22,"column":63}}],"line":22},"2":{"loc":{"start":{"line":62,"column":11},"end":{"line":62,"column":83}},"type":"binary-expr","locations":[{"start":{"line":62,"column":11},"end":{"line":62,"column":77}},{"start":{"line":62,"column":81},"end":{"line":62,"column":83}}],"line":62},"3":{"loc":{"start":{"line":74,"column":4},"end":{"line":82,"column":5}},"type":"if","locations":[{"start":{"line":74,"column":4},"end":{"line":82,"column":5}},{"start":{"line":74,"column":4},"end":{"line":82,"column":5}}],"line":74}},"s":{"0":3,"1":3,"2":3,"3":3,"4":3,"5":3,"6":3,"7":3,"8":3,"9":3,"10":3,"11":3,"12":5,"13":5,"14":5,"15":2,"16":2,"17":2,"18":3,"19":3,"20":3,"21":3,"22":3,"23":3,"24":3,"25":3,"26":3,"27":3,"28":3,"29":0,"30":3,"31":2,"32":2,"33":2,"34":2,"35":2,"36":2,"37":3,"38":2,"39":2,"40":2,"41":0},"f":{"0":3,"1":5,"2":3,"3":0,"4":2,"5":2,"6":2,"7":0},"b":{"0":[2,3],"1":[5,5],"2":[2,0],"3":[2,0]},"_coverageSchema":"1a1c01bbd47fc00a2c39e90264f33305004495a9","hash":"658702278e3d0028ed7841b5c0e77858963b3595"}
,"/Users/nicolasollier/code/formation/billed-app/front/src/views/Actions.js": {"path":"/Users/nicolasollier/code/formation/billed-app/front/src/views/Actions.js","statementMap":{"0":{"start":{"line":5,"column":2},"end":{"line":11,"column":3}}},"fnMap":{"0":{"name":"(anonymous_0)","decl":{"start":{"line":4,"column":15},"end":{"line":4,"column":16}},"loc":{"start":{"line":4,"column":28},"end":{"line":12,"column":1}},"line":4}},"branchMap":{},"s":{"0":26},"f":{"0":26},"b":{},"_coverageSchema":"1a1c01bbd47fc00a2c39e90264f33305004495a9","hash":"ae528d8dd400addb21ed7408d2760296b0749373"}
,"/Users/nicolasollier/code/formation/billed-app/front/src/views/BillsUI.js": {"path":"/Users/nicolasollier/code/formation/billed-app/front/src/views/BillsUI.js","statementMap":{"0":{"start":{"line":7,"column":12},"end":{"line":20,"column":3}},"1":{"start":{"line":8,"column":2},"end":{"line":19,"column":6}},"2":{"start":{"line":22,"column":13},"end":{"line":31,"column":1}},"3":{"start":{"line":24,"column":4},"end":{"line":26,"column":5}},"4":{"start":{"line":25,"column":8},"end":{"line":25,"column":20}},"5":{"start":{"line":29,"column":4},"end":{"line":29,"column":72}},"6":{"start":{"line":29,"column":25},"end":{"line":29,"column":69}},"7":{"start":{"line":30,"column":4},"end":{"line":30,"column":48}},"8":{"start":{"line":30,"column":28},"end":{"line":30,"column":37}},"9":{"start":{"line":35,"column":16},"end":{"line":50,"column":4}},"10":{"start":{"line":35,"column":23},"end":{"line":50,"column":3}},"11":{"start":{"line":52,"column":2},"end":{"line":56,"column":3}},"12":{"start":{"line":53,"column":4},"end":{"line":53,"column":24}},"13":{"start":{"line":54,"column":9},"end":{"line":56,"column":3}},"14":{"start":{"line":55,"column":4},"end":{"line":55,"column":27}},"15":{"start":{"line":58,"column":2},"end":{"line":86,"column":3}}},"fnMap":{"0":{"name":"(anonymous_0)","decl":{"start":{"line":7,"column":12},"end":{"line":7,"column":13}},"loc":{"start":{"line":7,"column":22},"end":{"line":20,"column":3}},"line":7},"1":{"name":"(anonymous_1)","decl":{"start":{"line":22,"column":13},"end":{"line":22,"column":14}},"loc":{"start":{"line":22,"column":23},"end":{"line":31,"column":1}},"line":22},"2":{"name":"(anonymous_2)","decl":{"start":{"line":29,"column":14},"end":{"line":29,"column":15}},"loc":{"start":{"line":29,"column":25},"end":{"line":29,"column":69}},"line":29},"3":{"name":"(anonymous_3)","decl":{"start":{"line":30,"column":20},"end":{"line":30,"column":21}},"loc":{"start":{"line":30,"column":28},"end":{"line":30,"column":37}},"line":30},"4":{"name":"(anonymous_4)","decl":{"start":{"line":33,"column":15},"end":{"line":33,"column":16}},"loc":{"start":{"line":33,"column":52},"end":{"line":87,"column":1}},"line":33},"5":{"name":"(anonymous_5)","decl":{"start":{"line":35,"column":16},"end":{"line":35,"column":17}},"loc":{"start":{"line":35,"column":23},"end":{"line":50,"column":3}},"line":35}},"branchMap":{"0":{"loc":{"start":{"line":24,"column":4},"end":{"line":26,"column":5}},"type":"if","locations":[{"start":{"line":24,"column":4},"end":{"line":26,"column":5}},{"start":{"line":24,"column":4},"end":{"line":26,"column":5}}],"line":24},"1":{"loc":{"start":{"line":29,"column":25},"end":{"line":29,"column":69}},"type":"cond-expr","locations":[{"start":{"line":29,"column":63},"end":{"line":29,"column":64}},{"start":{"line":29,"column":67},"end":{"line":29,"column":69}}],"line":29},"2":{"loc":{"start":{"line":52,"column":2},"end":{"line":56,"column":3}},"type":"if","locations":[{"start":{"line":52,"column":2},"end":{"line":56,"column":3}},{"start":{"line":52,"column":2},"end":{"line":56,"column":3}}],"line":52},"3":{"loc":{"start":{"line":54,"column":9},"end":{"line":56,"column":3}},"type":"if","locations":[{"start":{"line":54,"column":9},"end":{"line":56,"column":3}},{"start":{"line":54,"column":9},"end":{"line":56,"column":3}}],"line":54}},"s":{"0":6,"1":24,"2":6,"3":13,"4":6,"5":7,"6":21,"7":7,"8":24,"9":16,"10":13,"11":16,"12":3,"13":13,"14":0,"15":13},"f":{"0":24,"1":13,"2":21,"3":24,"4":16,"5":13},"b":{"0":[6,7],"1":[9,12],"2":[3,13],"3":[0,13]},"_coverageSchema":"1a1c01bbd47fc00a2c39e90264f33305004495a9","hash":"c750cb723e0e17df952c4af90e8a98ddc90b7ab2"}
,"/Users/nicolasollier/code/formation/billed-app/front/src/views/DashboardFormUI.js": {"path":"/Users/nicolasollier/code/formation/billed-app/front/src/views/DashboardFormUI.js","statementMap":{"0":{"start":{"line":7,"column":21},"end":{"line":22,"column":4}},"1":{"start":{"line":7,"column":28},"end":{"line":22,"column":3}},"2":{"start":{"line":26,"column":2},"end":{"line":101,"column":4}}},"fnMap":{"0":{"name":"(anonymous_0)","decl":{"start":{"line":7,"column":21},"end":{"line":7,"column":22}},"loc":{"start":{"line":7,"column":28},"end":{"line":22,"column":3}},"line":7},"1":{"name":"(anonymous_1)","decl":{"start":{"line":24,"column":15},"end":{"line":24,"column":16}},"loc":{"start":{"line":24,"column":25},"end":{"line":102,"column":1}},"line":24}},"branchMap":{"0":{"loc":{"start":{"line":79,"column":9},"end":{"line":89,"column":9}},"type":"cond-expr","locations":[{"start":{"line":79,"column":38},"end":{"line":84,"column":8}},{"start":{"line":84,"column":13},"end":{"line":89,"column":8}}],"line":79},"1":{"loc":{"start":{"line":92,"column":8},"end":{"line":97,"column":13}},"type":"cond-expr","locations":[{"start":{"line":92,"column":37},"end":{"line":97,"column":7}},{"start":{"line":97,"column":11},"end":{"line":97,"column":13}}],"line":92}},"s":{"0":7,"1":9,"2":9},"f":{"0":9,"1":9},"b":{"0":[6,3],"1":[6,3]},"_coverageSchema":"1a1c01bbd47fc00a2c39e90264f33305004495a9","hash":"1d6f1763d0146a5d7651204053dad4a663186b87"}
,"/Users/nicolasollier/code/formation/billed-app/front/src/views/DashboardUI.js": {"path":"/Users/nicolasollier/code/formation/billed-app/front/src/views/DashboardUI.js","statementMap":{"0":{"start":{"line":10,"column":2},"end":{"line":14,"column":3}},"1":{"start":{"line":11,"column":4},"end":{"line":11,"column":24}},"2":{"start":{"line":12,"column":9},"end":{"line":14,"column":3}},"3":{"start":{"line":13,"column":4},"end":{"line":13,"column":27}},"4":{"start":{"line":16,"column":2},"end":{"line":48,"column":3}}},"fnMap":{"0":{"name":"(anonymous_0)","decl":{"start":{"line":8,"column":15},"end":{"line":8,"column":16}},"loc":{"start":{"line":8,"column":45},"end":{"line":49,"column":1}},"line":8}},"branchMap":{"0":{"loc":{"start":{"line":10,"column":2},"end":{"line":14,"column":3}},"type":"if","locations":[{"start":{"line":10,"column":2},"end":{"line":14,"column":3}},{"start":{"line":10,"column":2},"end":{"line":14,"column":3}}],"line":10},"1":{"loc":{"start":{"line":12,"column":9},"end":{"line":14,"column":3}},"type":"if","locations":[{"start":{"line":12,"column":9},"end":{"line":14,"column":3}},{"start":{"line":12,"column":9},"end":{"line":14,"column":3}}],"line":12},"2":{"loc":{"start":{"line":22,"column":45},"end":{"line":22,"column":63}},"type":"binary-expr","locations":[{"start":{"line":22,"column":45},"end":{"line":22,"column":49}},{"start":{"line":22,"column":53},"end":{"line":22,"column":63}}],"line":22},"3":{"loc":{"start":{"line":29,"column":43},"end":{"line":29,"column":61}},"type":"binary-expr","locations":[{"start":{"line":29,"column":43},"end":{"line":29,"column":47}},{"start":{"line":29,"column":51},"end":{"line":29,"column":61}}],"line":29},"4":{"loc":{"start":{"line":36,"column":43},"end":{"line":36,"column":61}},"type":"binary-expr","locations":[{"start":{"line":36,"column":43},"end":{"line":36,"column":47}},{"start":{"line":36,"column":51},"end":{"line":36,"column":61}}],"line":36}},"s":{"0":21,"1":6,"2":15,"3":3,"4":12},"f":{"0":21},"b":{"0":[6,15],"1":[3,12],"2":[12,7],"3":[12,7],"4":[12,7]},"_coverageSchema":"1a1c01bbd47fc00a2c39e90264f33305004495a9","hash":"f465156ceef58d7b664a16e1601b0488232f3b2a"}
,"/Users/nicolasollier/code/formation/billed-app/front/src/views/ErrorPage.js": {"path":"/Users/nicolasollier/code/formation/billed-app/front/src/views/ErrorPage.js","statementMap":{"0":{"start":{"line":4,"column":2},"end":{"line":15,"column":3}}},"fnMap":{"0":{"name":"(anonymous_0)","decl":{"start":{"line":3,"column":15},"end":{"line":3,"column":16}},"loc":{"start":{"line":3,"column":26},"end":{"line":16,"column":1}},"line":3}},"branchMap":{"0":{"loc":{"start":{"line":12,"column":12},"end":{"line":12,"column":30}},"type":"cond-expr","locations":[{"start":{"line":12,"column":20},"end":{"line":12,"column":25}},{"start":{"line":12,"column":28},"end":{"line":12,"column":30}}],"line":12}},"s":{"0":5},"f":{"0":5},"b":{"0":[4,1]},"_coverageSchema":"1a1c01bbd47fc00a2c39e90264f33305004495a9","hash":"16d974957f5b1f9a0316f9a07b35bc173f6a8cce"}
,"/Users/nicolasollier/code/formation/billed-app/front/src/views/LoadingPage.js": {"path":"/Users/nicolasollier/code/formation/billed-app/front/src/views/LoadingPage.js","statementMap":{"0":{"start":{"line":5,"column":2},"end":{"line":12,"column":3}}},"fnMap":{"0":{"name":"(anonymous_0)","decl":{"start":{"line":3,"column":15},"end":{"line":3,"column":16}},"loc":{"start":{"line":3,"column":21},"end":{"line":13,"column":1}},"line":3}},"branchMap":{},"s":{"0":10},"f":{"0":10},"b":{},"_coverageSchema":"1a1c01bbd47fc00a2c39e90264f33305004495a9","hash":"ecdfb4d7c4e3fdb1e799cb021b351c9598def744"}
,"/Users/nicolasollier/code/formation/billed-app/front/src/views/LoginUI.js": {"path":"/Users/nicolasollier/code/formation/billed-app/front/src/views/LoginUI.js","statementMap":{"0":{"start":{"line":4,"column":2},"end":{"line":46,"column":4}}},"fnMap":{"0":{"name":"(anonymous_0)","decl":{"start":{"line":2,"column":15},"end":{"line":2,"column":16}},"loc":{"start":{"line":2,"column":21},"end":{"line":47,"column":1}},"line":2}},"branchMap":{},"s":{"0":20},"f":{"0":20},"b":{},"_coverageSchema":"1a1c01bbd47fc00a2c39e90264f33305004495a9","hash":"a98e7fd9ef12c46e6daac24d64392e7e490542cc"}
,"/Users/nicolasollier/code/formation/billed-app/front/src/views/NewBillUI.js": {"path":"/Users/nicolasollier/code/formation/billed-app/front/src/views/NewBillUI.js","statementMap":{"0":{"start":{"line":5,"column":2},"end":{"line":73,"column":4}}},"fnMap":{"0":{"name":"(anonymous_0)","decl":{"start":{"line":3,"column":15},"end":{"line":3,"column":16}},"loc":{"start":{"line":3,"column":21},"end":{"line":74,"column":1}},"line":3}},"branchMap":{},"s":{"0":17},"f":{"0":17},"b":{},"_coverageSchema":"1a1c01bbd47fc00a2c39e90264f33305004495a9","hash":"7da8f7ee6b76db90f1c6977aa19fb4e6893f88f7"}
,"/Users/nicolasollier/code/formation/billed-app/front/src/views/VerticalLayout.js": {"path":"/Users/nicolasollier/code/formation/billed-app/front/src/views/VerticalLayout.js","statementMap":{"0":{"start":{"line":7,"column":4},"end":{"line":7,"column":51}},"1":{"start":{"line":8,"column":4},"end":{"line":10,"column":5}},"2":{"start":{"line":9,"column":6},"end":{"line":9,"column":29}},"3":{"start":{"line":11,"column":4},"end":{"line":39,"column":5}},"4":{"start":{"line":12,"column":6},"end":{"line":27,"column":7}},"5":{"start":{"line":29,"column":6},"end":{"line":38,"column":7}}},"fnMap":{"0":{"name":"(anonymous_0)","decl":{"start":{"line":5,"column":15},"end":{"line":5,"column":16}},"loc":{"start":{"line":5,"column":27},"end":{"line":40,"column":1}},"line":5}},"branchMap":{"0":{"loc":{"start":{"line":8,"column":4},"end":{"line":10,"column":5}},"type":"if","locations":[{"start":{"line":8,"column":4},"end":{"line":10,"column":5}},{"start":{"line":8,"column":4},"end":{"line":10,"column":5}}],"line":8},"1":{"loc":{"start":{"line":11,"column":4},"end":{"line":39,"column":5}},"type":"if","locations":[{"start":{"line":11,"column":4},"end":{"line":39,"column":5}},{"start":{"line":11,"column":4},"end":{"line":39,"column":5}}],"line":11},"2":{"loc":{"start":{"line":11,"column":8},"end":{"line":11,"column":40}},"type":"binary-expr","locations":[{"start":{"line":11,"column":8},"end":{"line":11,"column":12}},{"start":{"line":11,"column":16},"end":{"line":11,"column":40}}],"line":11}},"s":{"0":58,"1":58,"2":46,"3":58,"4":30,"5":28},"f":{"0":58},"b":{"0":[46,12],"1":[30,28],"2":[58,46]},"_coverageSchema":"1a1c01bbd47fc00a2c39e90264f33305004495a9","hash":"f7ac2fe4b875d0e7c5e68deec47faac1b4b81b96"}
}
